Mdi:ArrangeIcons
wm geometry . 927x994+57+19
Mdi:Resize 490 534
Mdi:Move 5 5
ScopeSigMgr:loadpffile /home/rafaelneves/spice/radiation_effects_performance/finFET/xor_16nm/xor.tr0 1 openonly
# PF:1
wm geometry .sigmgr 472x220+502+130
wm geometry .sigmgr 472x220+505+151
wm geometry .sigmgr 472x220+512+166
wm geometry .sigmgr 472x220+520+200
wm geometry .sigmgr 472x220+534+254
wm geometry .sigmgr 472x220+541+316
wm geometry .sigmgr 472x220+545+368
wm geometry .sigmgr 472x220+549+418
wm geometry .sigmgr 472x220+549+462
wm geometry .sigmgr 472x220+547+500
wm geometry .sigmgr 472x220+539+532
wm geometry .sigmgr 472x220+525+560
wm geometry .sigmgr 472x220+515+586
wm geometry .sigmgr 472x220+502+607
wm geometry .sigmgr 472x220+487+629
wm geometry .sigmgr 472x220+479+640
wm geometry .sigmgr 472x220+467+651
wm geometry .sigmgr 472x220+453+662
wm geometry .sigmgr 472x220+441+672
wm geometry .sigmgr 472x220+433+677
wm geometry .sigmgr 472x220+427+686
wm geometry .sigmgr 472x220+422+693
wm geometry .sigmgr 472x220+420+701
wm geometry .sigmgr 472x220+418+705
wm geometry .sigmgr 472x220+418+706
wm geometry .sigmgr 472x220+418+707
wm geometry .sigmgr 472x220+418+709
wm geometry .sigmgr 472x220+418+714
wm geometry .sigmgr 472x220+420+718
wm geometry .sigmgr 472x220+424+724
wm geometry .sigmgr 472x220+430+730
wm geometry .sigmgr 472x220+431+732
wm geometry .sigmgr 472x220+433+733
wm geometry .sigmgr 472x220+434+734
wm geometry .sigmgr 472x220+435+735
wm geometry .sigmgr 472x220+435+734
wm geometry .sigmgr._PF:1 288x349+944+530
wm geometry .sigmgr._PF:1 288x349+928+519
wm geometry .sigmgr._PF:1 288x349+918+499
wm geometry .sigmgr._PF:1 288x349+907+483
wm geometry .sigmgr._PF:1 288x349+907+471
wm geometry .sigmgr._PF:1 288x349+878+456
wm geometry .sigmgr._PF:1 288x349+864+441
wm geometry .sigmgr._PF:1 288x349+848+425
wm geometry .sigmgr._PF:1 288x349+836+404
wm geometry .sigmgr._PF:1 288x349+825+378
wm geometry .sigmgr._PF:1 288x349+810+346
wm geometry .sigmgr._PF:1 288x349+797+314
wm geometry .sigmgr._PF:1 288x349+779+274
wm geometry .sigmgr._PF:1 288x349+767+256
wm geometry .sigmgr._PF:1 288x349+759+244
wm geometry .sigmgr._PF:1 288x349+750+236
wm geometry .sigmgr._PF:1 288x349+746+233
wm geometry .sigmgr._PF:1 288x349+739+226
wm geometry .sigmgr._PF:1 288x349+733+221
wm geometry .sigmgr._PF:1 288x349+726+217
wm geometry .sigmgr._PF:1 288x349+719+211
wm geometry .sigmgr._PF:1 288x349+715+207
wm geometry .sigmgr._PF:1 288x349+714+205
wm geometry .sigmgr._PF:1 288x349+709+197
wm geometry .sigmgr._PF:1 288x349+704+187
wm geometry .sigmgr._PF:1 288x349+698+178
wm geometry .sigmgr._PF:1 288x349+696+167
wm geometry .sigmgr._PF:1 288x349+696+157
wm geometry .sigmgr._PF:1 288x349+696+149
wm geometry .sigmgr._PF:1 288x349+677+146
wm geometry .sigmgr._PF:1 288x349+676+143
wm geometry .sigmgr._PF:1 288x349+674+140
wm geometry .sigmgr._PF:1 288x349+673+139
wm geometry .sigmgr._PF:1 288x349+672+136
wm geometry .sigmgr._PF:1 288x349+672+133
wm geometry .sigmgr._PF:1 288x349+672+131
wm geometry .sigmgr._PF:1 288x349+672+126
wm geometry .sigmgr._PF:1 288x349+672+124
wm geometry .sigmgr._PF:1 288x349+672+123
wm geometry .sigmgr._PF:1 288x349+672+122
wm geometry .sigmgr._PF:1 288x349+672+121
wm geometry .sigmgr._PF:1 288x349+672+119
wm geometry .sigmgr._PF:1 288x349+674+117
wm geometry .sigmgr._PF:1 288x349+678+116
wm geometry .sigmgr._PF:1 288x349+681+113
wm geometry .sigmgr._PF:1 288x349+684+112
wm geometry .sigmgr._PF:1 288x349+685+111
wm geometry .sigmgr._PF:1 288x349+686+110
wm geometry .sigmgr._PF:1 288x349+689+110
wm geometry .sigmgr._PF:1 288x349+690+110
wm geometry .sigmgr._PF:1 288x349+692+109
wm geometry .sigmgr._PF:1 288x349+697+108
wm geometry .sigmgr._PF:1 288x349+698+108
wm geometry .sigmgr._PF:1 288x349+699+107
wm geometry .sigmgr._PF:1 288x349+700+108
wm geometry .sigmgr._PF:1 288x349+699+108
wm geometry .sigmgr._PF:1 288x349+698+108
wm geometry .sigmgr._PF:1 288x349+697+108
wm geometry .sigmgr._PF:1 288x349+696+108
wm geometry .sigmgr._PF:1 288x349+696+107
wm geometry .sigmgr._PF:1 288x349+680+107
wm geometry .sigmgr._PF:1 288x349+684+107
wm geometry .sigmgr._PF:1 288x349+689+109
wm geometry .sigmgr._PF:1 288x349+690+109
wm geometry .sigmgr._PF:1 288x349+691+109
wm geometry .sigmgr._PF:1 288x349+693+109
wm geometry .sigmgr._PF:1 288x349+695+110
wm geometry .sigmgr._PF:1 288x349+696+110
wm geometry .sigmgr._PF:1 288x349+698+110
wm geometry .sigmgr._PF:1 288x349+699+110
wm geometry .sigmgr._PF:1 288x349+700+111
wm geometry .sigmgr._PF:1 288x349+699+111
wm geometry .sigmgr._PF:1 288x349+698+111
wm geometry .sigmgr._PF:1 288x349+696+111
wm geometry .sigmgr 472x220+436+735
wm geometry .sigmgr 472x220+441+731
wm geometry .sigmgr 472x220+447+720
wm geometry .sigmgr 472x220+456+709
wm geometry .sigmgr 472x220+460+700
wm geometry .sigmgr 472x220+465+691
wm geometry .sigmgr 472x220+469+683
wm geometry .sigmgr 472x220+472+679
wm geometry .sigmgr 472x220+475+674
wm geometry .sigmgr 472x220+480+664
wm geometry .sigmgr 472x220+486+656
wm geometry .sigmgr 472x220+490+649
wm geometry .sigmgr 472x220+495+644
wm geometry .sigmgr 472x220+497+639
wm geometry .sigmgr 472x220+500+634
wm geometry .sigmgr 472x220+501+629
wm geometry .sigmgr 472x220+503+625
wm geometry .sigmgr 472x220+505+620
wm geometry .sigmgr 472x220+507+616
wm geometry .sigmgr 472x220+511+610
wm geometry .sigmgr 472x220+512+609
wm geometry .sigmgr 472x220+513+606
wm geometry .sigmgr 472x220+515+604
wm geometry .sigmgr 472x220+516+603
wm geometry .sigmgr 472x220+517+599
wm geometry .sigmgr 472x220+518+596
wm geometry .sigmgr 472x220+520+594
wm geometry .sigmgr 472x220+521+593
wm geometry .sigmgr 472x220+520+592
wm geometry .sigmgr 472x220+519+592
wm geometry .sigmgr 472x220+517+592
wm geometry .sigmgr 472x220+516+592
wm geometry .sigmgr 472x220+512+592
wm geometry .sigmgr 472x220+512+593
wm geometry .sigmgr 472x220+512+598
wm geometry .sigmgr 472x220+512+605
wm geometry .sigmgr 472x220+512+617
wm geometry .sigmgr 472x220+512+633
wm geometry .sigmgr 472x220+512+647
wm geometry .sigmgr 472x220+512+663
wm geometry .sigmgr 472x220+512+674
wm geometry .sigmgr 472x220+512+684
wm geometry .sigmgr 472x220+512+691
wm geometry .sigmgr 472x220+512+697
wm geometry .sigmgr 472x220+512+703
wm geometry .sigmgr 472x220+512+708
wm geometry .sigmgr 472x220+512+714
wm geometry .sigmgr 472x220+512+718
wm geometry .sigmgr 472x220+512+720
wm geometry .sigmgr 472x220+512+724
wm geometry .sigmgr 472x220+512+725
wm geometry .sigmgr 472x220+512+726
wm geometry .sigmgr 472x220+512+729
wm geometry .sigmgr 472x220+512+730
wm geometry .sigmgr 472x220+512+733
wm geometry .sigmgr 472x220+513+737
wm geometry .sigmgr 472x220+513+739
wm geometry .sigmgr 472x220+513+740
wm geometry .sigmgr 472x220+513+744
wm geometry .sigmgr 472x220+513+746
wm geometry .sigmgr 472x220+513+749
wm geometry .sigmgr 472x220+513+750
wm geometry .sigmgr 472x220+512+751
wm geometry .sigmgr 472x220+512+752
wm geometry .sigmgr 472x220+512+753
wm geometry .sigmgr 472x220+512+754
wm geometry .sigmgr 472x220+512+756
wm geometry .sigmgr 472x220+512+757
wm geometry .sigmgr 472x220+512+758
wm geometry .sigmgr 472x220+512+760
wm geometry .sigmgr 472x220+512+761
wm geometry .sigmgr 472x220+512+762
wm geometry .sigmgr 472x220+512+761
wm geometry .sigmgr 472x220+512+760
wm geometry .sigmgr._PF:1 288x360+696+111
wm geometry .sigmgr._PF:1 288x402+696+111
wm geometry .sigmgr._PF:1 288x451+696+111
wm geometry .sigmgr._PF:1 288x503+696+111
wm geometry .sigmgr._PF:1 288x515+696+111
wm geometry .sigmgr._PF:1 288x554+696+111
wm geometry .sigmgr._PF:1 288x561+696+111
wm geometry .sigmgr._PF:1 288x581+696+111
wm geometry .sigmgr._PF:1 288x588+696+111
wm geometry .sigmgr._PF:1 288x591+696+111
wm geometry .sigmgr._PF:1 288x594+696+111
wm geometry .sigmgr._PF:1 288x597+696+111
wm geometry .sigmgr._PF:1 288x602+696+111
wm geometry .sigmgr._PF:1 288x606+696+111
wm geometry .sigmgr._PF:1 288x607+696+111
wm geometry .sigmgr._PF:1 288x610+696+111
pf:read PF:1 v(buff_a)
# WF:1:1
Graph addsignal WF:1:1 -region new -yview real(y) -xview real(x) -tracehi 2
# Signal0
pf:read PF:1 v(buff_b)
# WF:1:2
Graph addsignal WF:1:2 -region new -yview real(y) -xview real(x) -tracehi 2
# Signal1
pf:read PF:1 v(buff_not_a)
# WF:1:3
Graph addsignal WF:1:3 -region new -yview real(y) -xview real(x) -tracehi 2
# Signal2
pf:read PF:1 v(buff_not_b)
# WF:1:4
Graph addsignal WF:1:4 -region new -yview real(y) -xview real(x) -tracehi 2
# Signal3
pf:read PF:1 v(xor)
# WF:1:5
Graph addsignal WF:1:5 -region new -yview real(y) -xview real(x) -tracehi 2
# Signal4
Graph:Select Graph0
Graph:DSel
Graph itemselect Signal3 add
# Signal3
Graph sigconfig Signal3 -region 2 -rgnindex 1
Graph:DSel
Graph itemselect Signal2 add
# Signal2
Graph sigconfig {Signal2 Signal3 Signal4} -regswap {2 3 4}
Graph:DSel
Graph itemselect Signal0 add
# Signal0
Graph sigconfig {Signal0 Signal2 Signal3 Signal4} -regswap {2 3 4 5}
Graph:DSel
Graph itemselect Signal1 add
# Signal1
Graph sigconfig Signal1 -region 3 -rgnindex 1
Graph itemselect Signal1 add
# Signal1
Graph sigconfig {Signal1 Signal3 Signal4} -regswap {2 3 4}
Graph itemselect Signal1 add
# Signal1
Graph sigconfig Signal1 -region 3 -rgnindex 1
Graph:DSel
Graph itemselect Signal2 add
# Signal2
Graph sigconfig {Signal2 Signal0} -region {0 0} -rgnindex {0 1}
Graph:DSel
Graph itemselect Signal0 add
# Signal0
Graph sigconfig {Signal0 Signal2 Signal3 Signal1 Signal4} -regswap {0 1 2 2 3}
Graph:DSel
Graph itemselect Signal2 add
# Signal2
Graph sigconfig Signal2 -region 0 -rgnindex 1
Graph:DSel
Graph itemselect Signal0 add
# Signal0
Graph sigconfig {Signal0 Signal2 Signal3 Signal1 Signal4} -regswap {0 1 2 2 3}
Graph:DSel
Graph itemselect Signal2 add
# Signal2
Graph sigconfig Signal2 -region 0 -rgnindex 1
Graph itemselect Signal2 add
# Signal2
Graph itemselect Signal2 add
# Signal2
Graph sigconfig {Signal2 Signal0 Signal3 Signal1 Signal4} -regswap {0 1 2 2 3}
Graph:DSel
Graph itemselect Signal3 add
# Signal3
Graph sigconfig Signal3 -region 2 -rgnindex 2
Graph itemselect Signal3 add
# Signal3
Graph sigconfig {Signal3 Signal1 Signal4} -regswap {2 3 4}
Mdi:Resize 490 605
Mdi:Move 5 5
Graph:DSel
ScopeSigMgr:Reload 0 {{(1) xor.tr0}}
pf:read PF:2 i(va)
# WF:2:6
Graph addsignal WF:2:6 -region new -yview real(y) -xview real(x) -tracehi 2
# Signal10
pf:read PF:2 i(vb)
# WF:2:7
Graph addsignal WF:2:7 -region new -yview real(y) -xview real(x) -tracehi 2
# Signal11
Graph:Select Graph0
Graph:DSel
Graph itemselect Signal11 add
# Signal11
Graph itemselect Signal11 add
# Signal11
Graph itemselect Signal11 rem
Graph delsignal Signal11
Graph:DSel
Graph itemselect Signal10 add
# Signal10
Graph itemselect Signal10 add
# Signal10
Graph itemselect Signal10 rem
Graph delsignal Signal10
Graph:DSel
pf:read PF:2 i(vvdd1)
# WF:2:8
Graph addsignal WF:2:8 -region new -yview real(y) -xview real(x) -tracehi 2
# Signal12
pf:read PF:2 i(vvdd2)
# WF:2:9
Graph addsignal WF:2:9 -region new -yview real(y) -xview real(x) -tracehi 2
# Signal13
pf:read PF:2 i(vvdd3)
# WF:2:10
Graph addsignal WF:2:10 -region new -yview real(y) -xview real(x) -tracehi 2
# Signal14
Graph:Select Graph0
Graph:DSel
Graph itemselect Signal12 add
# Signal12
Graph itemselect Signal12 add
# Signal12
Graph itemselect Signal12 rem
Graph delsignal Signal12
Graph:DSel
Graph itemselect Signal14 add
# Signal14
Graph itemselect Signal14 rem
Graph delsignal Signal14
Graph:DSel
Graph itemselect Signal13 add
# Signal13
Graph itemselect Signal13 add
# Signal13
Graph itemselect Signal13 add
# Signal13
Graph itemselect Signal13 rem
Graph delsignal Signal13
Graph:DSel
ScopeSigMgr:Reload 0 {{(1) xor.tr0}}
ScopeSigMgr:Reload 0 {{(1) xor.tr0}}
ScopeSigMgr:Reload 0 {{(1) xor.tr0}}
Graph:Select Graph0
Graph:DSel
Graph itemselect Signal27 add
# Signal27
Graph sigconfig {Signal27 Signal26} -region {1 1} -rgnindex {0 1}
Graph:DSel
Graph itemselect Signal25 add
# Signal25
Graph sigconfig Signal25 -region 1 -rgnindex 2
Graph itemselect Signal25 add
# Signal25
Graph sigconfig Signal25 -region 0 -rgnindex 3
Graph itemselect Signal25 add
# Signal25
Graph itemselect Signal25 add
# Signal25
Graph sigconfig {Signal25 Signal27 Signal26} -regswap {0 1 1}
Graph:DSel
Graph itemselect Signal26 add
# Signal26
Graph sigconfig {Signal26 Signal27} -regswap {1 2}
Graph itemselect Signal26 add
# Signal26
Graph sigconfig {Signal26 Signal25 Signal27} -regswap {0 1 3}
Graph:DSel
ScopeSigMgr:Reload 0 {{(1) xor.tr0}}
ScopeSigMgr:Reload 0 {{(1) xor.tr0}}
ScopeSigMgr:Reload 0 {{(1) xor.tr0}}
ScopeSigMgr:loadpffile /home/rafaelneves/spice/radiation_effects_performance/cmos/xor_16nm/xor.tr0 1 openonly
# PF:9
ScopeSigMgr:Unload 0 {{(2) xor.tr0}}
ScopeSigMgr:Unload 0 {{(1) xor.tr0}}
wm geometry .sigmgr 472x220+522+768
ScopeSigMgr:loadpffile /home/rafaelneves/spice/radiation_effects_performance/cmos/xor_16nm/xor.tr0 1 openonly
# PF:10
GrXY:NewGraph
# Graph1
pf:read PF:10 v(buff_not_a)
# WF:10:1
Graph addsignal WF:10:1 -region new -yview real(y) -xview real(x) -tracehi 2
# Signal0
pf:read PF:10 v(buff_not_b)
# WF:10:2
Graph addsignal WF:10:2 -region new -yview real(y) -xview real(x) -tracehi 2
# Signal1
pf:read PF:10 v(xor)
# WF:10:3
Graph addsignal WF:10:3 -region new -yview real(y) -xview real(x) -tracehi 2
# Signal2
wm geometry .sigmgr._PF:10 288x349+943+528
wm geometry .sigmgr._PF:10 288x349+931+520
wm geometry .sigmgr._PF:10 288x349+917+508
wm geometry .sigmgr._PF:10 288x349+900+493
wm geometry .sigmgr._PF:10 288x349+879+471
wm geometry .sigmgr._PF:10 288x349+855+448
wm geometry .sigmgr._PF:10 288x349+839+419
wm geometry .sigmgr._PF:10 288x349+820+390
wm geometry .sigmgr._PF:10 288x349+801+359
wm geometry .sigmgr._PF:10 288x349+786+324
wm geometry .sigmgr._PF:10 288x349+767+270
wm geometry .sigmgr._PF:10 288x349+753+237
wm geometry .sigmgr._PF:10 288x349+748+213
wm geometry .sigmgr._PF:10 288x349+744+189
wm geometry .sigmgr._PF:10 288x349+744+171
wm geometry .sigmgr._PF:10 288x349+742+157
wm geometry .sigmgr._PF:10 288x349+738+144
wm geometry .sigmgr._PF:10 288x349+735+132
wm geometry .sigmgr._PF:10 288x349+729+123
wm geometry .sigmgr._PF:10 288x349+728+121
wm geometry .sigmgr._PF:10 288x349+726+117
wm geometry .sigmgr._PF:10 288x349+725+116
wm geometry .sigmgr._PF:10 288x349+722+116
wm geometry .sigmgr._PF:10 288x349+721+116
wm geometry .sigmgr._PF:10 288x349+720+116
wm geometry .sigmgr._PF:10 288x349+717+116
wm geometry .sigmgr._PF:10 288x349+709+112
wm geometry .sigmgr._PF:10 288x349+699+107
wm geometry .sigmgr._PF:10 288x349+698+106
wm geometry .sigmgr._PF:10 288x349+697+105
wm geometry .sigmgr._PF:10 288x349+696+103
wm geometry .sigmgr._PF:10 288x349+696+102
wm geometry .sigmgr._PF:10 288x349+696+101
wm geometry .sigmgr._PF:10 288x349+696+98
wm geometry .sigmgr._PF:10 288x349+678+95
wm geometry .sigmgr._PF:10 288x349+674+93
wm geometry .sigmgr._PF:10 288x349+673+92
wm geometry .sigmgr._PF:10 288x349+678+95
wm geometry .sigmgr._PF:10 288x349+685+98
wm geometry .sigmgr._PF:10 288x349+687+101
wm geometry .sigmgr._PF:10 288x349+689+102
wm geometry .sigmgr._PF:10 288x349+690+102
wm geometry .sigmgr._PF:10 288x349+692+104
wm geometry .sigmgr._PF:10 288x349+693+104
wm geometry .sigmgr._PF:10 288x349+695+105
wm geometry .sigmgr._PF:10 288x349+697+107
wm geometry .sigmgr._PF:10 288x349+697+108
wm geometry .sigmgr._PF:10 288x349+698+109
wm geometry .sigmgr._PF:10 288x349+700+109
wm geometry .sigmgr._PF:10 288x349+701+109
wm geometry .sigmgr._PF:10 288x349+702+109
wm geometry .sigmgr._PF:10 288x349+703+108
wm geometry .sigmgr._PF:10 288x349+702+108
wm geometry .sigmgr._PF:10 288x349+699+108
wm geometry .sigmgr._PF:10 288x349+696+110
wm geometry .sigmgr._PF:10 288x349+696+111
wm geometry .sigmgr._PF:10 288x349+696+112
wm geometry .sigmgr._PF:10 288x355+696+112
wm geometry .sigmgr._PF:10 288x374+696+112
wm geometry .sigmgr._PF:10 288x401+696+112
wm geometry .sigmgr._PF:10 288x450+696+112
wm geometry .sigmgr._PF:10 288x484+696+112
wm geometry .sigmgr._PF:10 288x523+696+112
wm geometry .sigmgr._PF:10 288x545+696+112
wm geometry .sigmgr._PF:10 288x557+696+112
wm geometry .sigmgr._PF:10 288x571+696+112
wm geometry .sigmgr._PF:10 288x575+696+112
wm geometry .sigmgr._PF:10 288x584+696+112
wm geometry .sigmgr._PF:10 288x586+696+112
wm geometry .sigmgr._PF:10 288x591+696+112
wm geometry .sigmgr._PF:10 288x597+696+112
wm geometry .sigmgr._PF:10 288x605+696+112
Mdi:Resize 490 586
Mdi:Move 5 5
Mdi:Resize 582 586
Mdi:Move 5 5
Graph:Select Graph1
Graph:DSel
Graph itemselect Signal1 add
# Signal1
Graph sigconfig Signal1 -region 0 -rgnindex 1
Graph:DSel
ScopeSigMgr:Reload 0 {{(1) xor.tr0}}
ScopeSigMgr:Reload 0 {{(1) xor.tr0}}
ScopeSigMgr:Reload 0 {{(1) xor.tr0}}
ScopeSigMgr:Reload 0 {{(1) xor.tr0}}
pf:read PF:14 v(buff_a)
# WF:14:2
Graph addsignal WF:14:2 -region new -yview real(y) -xview real(x) -tracehi 2
# Signal13
pf:read PF:14 v(buff_b)
# WF:14:3
Graph addsignal WF:14:3 -region new -yview real(y) -xview real(x) -tracehi 2
# Signal14
Graph:Select Graph1
Graph:DSel
Graph itemselect Signal13 add
# Signal13
Graph sigconfig {Signal13 Signal12 Signal14} -regswap {0 1 3}
Graph:DSel
Graph itemselect Signal14 add
# Signal14
Graph sigconfig {Signal14 Signal13 Signal12} -regswap {0 1 2}
Graph:DSel
